{"C:\\Users\\USER\\Documents\\prueba tecnica Yosmar - 2025\\candidate-management-app\\back\\src\\app.controller.ts": {"path":"C:\\Users\\USER\\Documents\\prueba tecnica Yosmar - 2025\\candidate-management-app\\back\\src\\app.controller.ts","statementMap":{"0":{"start":{"line":1,"column":0},"end":{"line":1,"column":49}},"1":{"start":{"line":2,"column":0},"end":{"line":2,"column":43}},"2":{"start":{"line":5,"column":7},"end":{"line":21,"column":null}},"3":{"start":{"line":6,"column":31},"end":{"line":6,"column":43}},"4":{"start":{"line":10,"column":4},"end":{"line":10,"column":38}},"5":{"start":{"line":15,"column":4},"end":{"line":19,"column":6}},"6":{"start":{"line":5,"column":13},"end":{"line":5,"column":26}},"7":{"start":{"line":9,"column":2},"end":{"line":11,"column":null}},"8":{"start":{"line":14,"column":2},"end":{"line":20,"column":null}},"9":{"start":{"line":5,"column":13},"end":{"line":21,"column":null}}},"fnMap":{"0":{"name":"(anonymous_2)","decl":{"start":{"line":6,"column":2},"end":{"line":6,"column":31}},"loc":{"start":{"line":6,"column":53},"end":{"line":6,"column":57}}},"1":{"name":"(anonymous_3)","decl":{"start":{"line":9,"column":2},"end":{"line":9,"column":10}},"loc":{"start":{"line":9,"column":10},"end":{"line":11,"column":3}}},"2":{"name":"(anonymous_4)","decl":{"start":{"line":14,"column":2},"end":{"line":14,"column":11}},"loc":{"start":{"line":14,"column":11},"end":{"line":20,"column":3}}}},"branchMap":{},"s":{"0":0,"1":0,"2":0,"3":0,"4":0,"5":0,"6":0,"7":0,"8":0,"9":0},"f":{"0":0,"1":0,"2":0},"b":{}}
,"C:\\Users\\USER\\Documents\\prueba tecnica Yosmar - 2025\\candidate-management-app\\back\\src\\app.module.ts": {"path":"C:\\Users\\USER\\Documents\\prueba tecnica Yosmar - 2025\\candidate-management-app\\back\\src\\app.module.ts","statementMap":{"0":{"start":{"line":1,"column":0},"end":{"line":1,"column":40}},"1":{"start":{"line":2,"column":0},"end":{"line":2,"column":48}},"2":{"start":{"line":3,"column":0},"end":{"line":3,"column":49}},"3":{"start":{"line":4,"column":0},"end":{"line":4,"column":43}},"4":{"start":{"line":7,"column":0},"end":{"line":7,"column":66}},"5":{"start":{"line":8,"column":0},"end":{"line":8,"column":65}},"6":{"start":{"line":29,"column":7},"end":{"line":29,"column":null}},"7":{"start":{"line":29,"column":13},"end":{"line":29,"column":22}},"8":{"start":{"line":29,"column":13},"end":{"line":29,"column":null}}},"fnMap":{},"branchMap":{},"s":{"0":0,"1":0,"2":0,"3":0,"4":0,"5":0,"6":0,"7":0,"8":0},"f":{},"b":{}}
,"C:\\Users\\USER\\Documents\\prueba tecnica Yosmar - 2025\\candidate-management-app\\back\\src\\app.service.ts": {"path":"C:\\Users\\USER\\Documents\\prueba tecnica Yosmar - 2025\\candidate-management-app\\back\\src\\app.service.ts","statementMap":{"0":{"start":{"line":1,"column":0},"end":{"line":1,"column":44}},"1":{"start":{"line":4,"column":7},"end":{"line":8,"column":null}},"2":{"start":{"line":6,"column":4},"end":{"line":6,"column":50}},"3":{"start":{"line":4,"column":13},"end":{"line":4,"column":23}},"4":{"start":{"line":4,"column":13},"end":{"line":8,"column":null}}},"fnMap":{"0":{"name":"(anonymous_1)","decl":{"start":{"line":5,"column":2},"end":{"line":5,"column":10}},"loc":{"start":{"line":5,"column":10},"end":{"line":7,"column":3}}}},"branchMap":{},"s":{"0":0,"1":0,"2":0,"3":0,"4":0},"f":{"0":0},"b":{}}
,"C:\\Users\\USER\\Documents\\prueba tecnica Yosmar - 2025\\candidate-management-app\\back\\src\\main.ts": {"path":"C:\\Users\\USER\\Documents\\prueba tecnica Yosmar - 2025\\candidate-management-app\\back\\src\\main.ts","statementMap":{"0":{"start":{"line":1,"column":0},"end":{"line":1,"column":43}},"1":{"start":{"line":2,"column":0},"end":{"line":2,"column":65}},"2":{"start":{"line":3,"column":0},"end":{"line":3,"column":70}},"3":{"start":{"line":4,"column":0},"end":{"line":4,"column":41}},"4":{"start":{"line":7,"column":14},"end":{"line":7,"column":49}},"5":{"start":{"line":10,"column":3},"end":{"line":20,"column":6}},"6":{"start":{"line":15,"column":23},"end":{"line":16,"column":null}},"7":{"start":{"line":16,"column":8},"end":{"line":16,"column":51}},"8":{"start":{"line":18,"column":6},"end":{"line":18,"column":58}},"9":{"start":{"line":23,"column":17},"end":{"line":28,"column":12}},"10":{"start":{"line":30,"column":19},"end":{"line":30,"column":60}},"11":{"start":{"line":31,"column":2},"end":{"line":31,"column":44}},"12":{"start":{"line":34,"column":2},"end":{"line":38,"column":5}},"13":{"start":{"line":40,"column":15},"end":{"line":40,"column":39}},"14":{"start":{"line":41,"column":2},"end":{"line":41,"column":25}},"15":{"start":{"line":43,"column":2},"end":{"line":43,"column":69}},"16":{"start":{"line":44,"column":2},"end":{"line":44,"column":69}},"17":{"start":{"line":47,"column":0},"end":{"line":47,"column":12}}},"fnMap":{"0":{"name":"bootstrap","decl":{"start":{"line":6,"column":15},"end":{"line":6,"column":24}},"loc":{"start":{"line":6,"column":24},"end":{"line":45,"column":1}}},"1":{"name":"(anonymous_1)","decl":{"start":{"line":14,"column":22},"end":{"line":14,"column":23}},"loc":{"start":{"line":14,"column":33},"end":{"line":19,"column":5}}},"2":{"name":"(anonymous_2)","decl":{"start":{"line":15,"column":34},"end":{"line":15,"column":39}},"loc":{"start":{"line":16,"column":8},"end":{"line":16,"column":51}}}},"branchMap":{"0":{"loc":{"start":{"line":40,"column":15},"end":{"line":40,"column":39}},"type":"binary-expr","locations":[{"start":{"line":40,"column":15},"end":{"line":40,"column":31}},{"start":{"line":40,"column":35},"end":{"line":40,"column":39}}]}},"s":{"0":0,"1":0,"2":0,"3":0,"4":0,"5":0,"6":0,"7":0,"8":0,"9":0,"10":0,"11":0,"12":0,"13":0,"14":0,"15":0,"16":0,"17":0},"f":{"0":0,"1":0,"2":0},"b":{"0":[0,0]}}
,"C:\\Users\\USER\\Documents\\prueba tecnica Yosmar - 2025\\candidate-management-app\\back\\src\\candidates\\candidates.module.ts": {"path":"C:\\Users\\USER\\Documents\\prueba tecnica Yosmar - 2025\\candidate-management-app\\back\\src\\candidates\\candidates.module.ts","statementMap":{"0":{"start":{"line":1,"column":0},"end":{"line":1,"column":40}},"1":{"start":{"line":2,"column":0},"end":{"line":2,"column":48}},"2":{"start":{"line":3,"column":0},"end":{"line":3,"column":72}},"3":{"start":{"line":4,"column":0},"end":{"line":4,"column":64}},"4":{"start":{"line":5,"column":0},"end":{"line":5,"column":69}},"5":{"start":{"line":6,"column":0},"end":{"line":6,"column":54}},"6":{"start":{"line":16,"column":7},"end":{"line":16,"column":null}},"7":{"start":{"line":16,"column":13},"end":{"line":16,"column":29}},"8":{"start":{"line":16,"column":13},"end":{"line":16,"column":null}}},"fnMap":{},"branchMap":{},"s":{"0":0,"1":0,"2":0,"3":0,"4":0,"5":0,"6":0,"7":0,"8":0},"f":{},"b":{}}
,"C:\\Users\\USER\\Documents\\prueba tecnica Yosmar - 2025\\candidate-management-app\\back\\src\\candidates\\controller\\candidate.controller.ts": {"path":"C:\\Users\\USER\\Documents\\prueba tecnica Yosmar - 2025\\candidate-management-app\\back\\src\\candidates\\controller\\candidate.controller.ts","statementMap":{"0":{"start":{"line":1,"column":0},"end":{"line":1,"column":null}},"1":{"start":{"line":15,"column":0},"end":{"line":15,"column":59}},"2":{"start":{"line":16,"column":0},"end":{"line":16,"column":101}},"3":{"start":{"line":17,"column":0},"end":{"line":17,"column":65}},"4":{"start":{"line":19,"column":0},"end":{"line":19,"column":93}},"5":{"start":{"line":23,"column":7},"end":{"line":105,"column":null}},"6":{"start":{"line":24,"column":31},"end":{"line":24,"column":49}},"7":{"start":{"line":57,"column":4},"end":{"line":65,"column":5}},"8":{"start":{"line":58,"column":6},"end":{"line":62,"column":9}},"9":{"start":{"line":64,"column":6},"end":{"line":64,"column":85}},"10":{"start":{"line":76,"column":4},"end":{"line":76,"column":43}},"11":{"start":{"line":89,"column":22},"end":{"line":89,"column":61}},"12":{"start":{"line":90,"column":4},"end":{"line":92,"column":5}},"13":{"start":{"line":91,"column":6},"end":{"line":91,"column":76}},"14":{"start":{"line":93,"column":4},"end":{"line":93,"column":21}},"15":{"start":{"line":102,"column":4},"end":{"line":102,"column":43}},"16":{"start":{"line":103,"column":4},"end":{"line":103,"column":72}},"17":{"start":{"line":23,"column":13},"end":{"line":23,"column":32}},"18":{"start":{"line":40,"column":8},"end":{"line":66,"column":null}},"19":{"start":{"line":51,"column":10},"end":{"line":51,"column":70}},"20":{"start":{"line":75,"column":8},"end":{"line":77,"column":null}},"21":{"start":{"line":88,"column":8},"end":{"line":94,"column":null}},"22":{"start":{"line":101,"column":8},"end":{"line":104,"column":null}},"23":{"start":{"line":23,"column":13},"end":{"line":105,"column":null}}},"fnMap":{"0":{"name":"(anonymous_4)","decl":{"start":{"line":24,"column":2},"end":{"line":24,"column":31}},"loc":{"start":{"line":24,"column":65},"end":{"line":24,"column":69}}},"1":{"name":"(anonymous_5)","decl":{"start":{"line":40,"column":2},"end":{"line":40,"column":7}},"loc":{"start":{"line":55,"column":34},"end":{"line":66,"column":3}}},"2":{"name":"(anonymous_6)","decl":{"start":{"line":75,"column":2},"end":{"line":75,"column":7}},"loc":{"start":{"line":75,"column":15},"end":{"line":77,"column":3}}},"3":{"name":"(anonymous_7)","decl":{"start":{"line":88,"column":2},"end":{"line":88,"column":7}},"loc":{"start":{"line":88,"column":39},"end":{"line":94,"column":3}}},"4":{"name":"(anonymous_8)","decl":{"start":{"line":101,"column":2},"end":{"line":101,"column":7}},"loc":{"start":{"line":101,"column":38},"end":{"line":104,"column":3}}},"5":{"name":"(anonymous_9)","decl":{"start":{"line":50,"column":26},"end":{"line":50,"column":27}},"loc":{"start":{"line":50,"column":36},"end":{"line":52,"column":9}}}},"branchMap":{"0":{"loc":{"start":{"line":90,"column":4},"end":{"line":92,"column":5}},"type":"if","locations":[{"start":{"line":90,"column":4},"end":{"line":92,"column":5}}]}},"s":{"0":0,"1":0,"2":0,"3":0,"4":0,"5":0,"6":0,"7":0,"8":0,"9":0,"10":0,"11":0,"12":0,"13":0,"14":0,"15":0,"16":0,"17":0,"18":0,"19":0,"20":0,"21":0,"22":0,"23":0},"f":{"0":0,"1":0,"2":0,"3":0,"4":0,"5":0},"b":{"0":[0]}}
,"C:\\Users\\USER\\Documents\\prueba tecnica Yosmar - 2025\\candidate-management-app\\back\\src\\candidates\\dto\\create-candidate.dto.ts": {"path":"C:\\Users\\USER\\Documents\\prueba tecnica Yosmar - 2025\\candidate-management-app\\back\\src\\candidates\\dto\\create-candidate.dto.ts","statementMap":{"0":{"start":{"line":1,"column":0},"end":{"line":1,"column":46}},"1":{"start":{"line":2,"column":0},"end":{"line":2,"column":66}},"2":{"start":{"line":4,"column":0},"end":{"line":4,"column":13}},"3":{"start":{"line":13,"column":2},"end":{"line":13,"column":null}},"4":{"start":{"line":23,"column":2},"end":{"line":23,"column":null}},"5":{"start":{"line":26,"column":0},"end":{"line":26,"column":13}},"6":{"start":{"line":28,"column":2},"end":{"line":28,"column":null}},"7":{"start":{"line":31,"column":2},"end":{"line":31,"column":null}},"8":{"start":{"line":34,"column":2},"end":{"line":34,"column":null}},"9":{"start":{"line":37,"column":2},"end":{"line":37,"column":null}},"10":{"start":{"line":40,"column":2},"end":{"line":40,"column":null}},"11":{"start":{"line":43,"column":2},"end":{"line":43,"column":null}},"12":{"start":{"line":46,"column":2},"end":{"line":46,"column":null}}},"fnMap":{},"branchMap":{},"s":{"0":0,"1":0,"2":0,"3":0,"4":0,"5":0,"6":0,"7":0,"8":0,"9":0,"10":0,"11":0,"12":0},"f":{},"b":{}}
,"C:\\Users\\USER\\Documents\\prueba tecnica Yosmar - 2025\\candidate-management-app\\back\\src\\candidates\\entity\\candidate.entity.ts": {"path":"C:\\Users\\USER\\Documents\\prueba tecnica Yosmar - 2025\\candidate-management-app\\back\\src\\candidates\\entity\\candidate.entity.ts","statementMap":{"0":{"start":{"line":1,"column":0},"end":{"line":1,"column":65}},"1":{"start":{"line":4,"column":7},"end":{"line":25,"column":null}},"2":{"start":{"line":4,"column":13},"end":{"line":4,"column":22}},"3":{"start":{"line":6,"column":2},"end":{"line":6,"column":null}},"4":{"start":{"line":9,"column":2},"end":{"line":9,"column":null}},"5":{"start":{"line":12,"column":2},"end":{"line":12,"column":null}},"6":{"start":{"line":15,"column":2},"end":{"line":15,"column":null}},"7":{"start":{"line":18,"column":2},"end":{"line":18,"column":null}},"8":{"start":{"line":21,"column":2},"end":{"line":21,"column":null}},"9":{"start":{"line":24,"column":2},"end":{"line":24,"column":null}},"10":{"start":{"line":23,"column":45},"end":{"line":23,"column":64}},"11":{"start":{"line":4,"column":13},"end":{"line":25,"column":null}}},"fnMap":{"0":{"name":"(anonymous_2)","decl":{"start":{"line":23,"column":39},"end":{"line":23,"column":42}},"loc":{"start":{"line":23,"column":45},"end":{"line":23,"column":64}}}},"branchMap":{},"s":{"0":1,"1":1,"2":1,"3":1,"4":1,"5":1,"6":1,"7":1,"8":1,"9":1,"10":0,"11":1},"f":{"0":0},"b":{}}
,"C:\\Users\\USER\\Documents\\prueba tecnica Yosmar - 2025\\candidate-management-app\\back\\src\\candidates\\services\\candidate.service.ts": {"path":"C:\\Users\\USER\\Documents\\prueba tecnica Yosmar - 2025\\candidate-management-app\\back\\src\\candidates\\services\\candidate.service.ts","statementMap":{"0":{"start":{"line":1,"column":0},"end":{"line":1,"column":65}},"1":{"start":{"line":2,"column":0},"end":{"line":2,"column":51}},"2":{"start":{"line":3,"column":0},"end":{"line":3,"column":37}},"3":{"start":{"line":4,"column":0},"end":{"line":4,"column":55}},"4":{"start":{"line":5,"column":0},"end":{"line":5,"column":60}},"5":{"start":{"line":14,"column":7},"end":{"line":56,"column":null}},"6":{"start":{"line":17,"column":12},"end":{"line":17,"column":33}},"7":{"start":{"line":18,"column":12},"end":{"line":18,"column":32}},"8":{"start":{"line":22,"column":4},"end":{"line":37,"column":5}},"9":{"start":{"line":23,"column":24},"end":{"line":23,"column":83}},"10":{"start":{"line":25,"column":24},"end":{"line":31,"column":8}},"11":{"start":{"line":33,"column":6},"end":{"line":33,"column":60}},"12":{"start":{"line":36,"column":6},"end":{"line":36,"column":84}},"13":{"start":{"line":41,"column":4},"end":{"line":43,"column":7}},"14":{"start":{"line":47,"column":4},"end":{"line":47,"column":63}},"15":{"start":{"line":51,"column":19},"end":{"line":51,"column":60}},"16":{"start":{"line":52,"column":4},"end":{"line":54,"column":5}},"17":{"start":{"line":53,"column":6},"end":{"line":53,"column":76}},"18":{"start":{"line":14,"column":13},"end":{"line":14,"column":29}},"19":{"start":{"line":14,"column":13},"end":{"line":56,"column":null}}},"fnMap":{"0":{"name":"(anonymous_4)","decl":{"start":{"line":15,"column":2},"end":{"line":15,"column":null}},"loc":{"start":{"line":18,"column":50},"end":{"line":19,"column":6}}},"1":{"name":"(anonymous_5)","decl":{"start":{"line":21,"column":2},"end":{"line":21,"column":7}},"loc":{"start":{"line":21,"column":59},"end":{"line":38,"column":3}}},"2":{"name":"(anonymous_6)","decl":{"start":{"line":40,"column":2},"end":{"line":40,"column":7}},"loc":{"start":{"line":40,"column":15},"end":{"line":44,"column":3}}},"3":{"name":"(anonymous_7)","decl":{"start":{"line":46,"column":2},"end":{"line":46,"column":7}},"loc":{"start":{"line":46,"column":26},"end":{"line":48,"column":3}}},"4":{"name":"(anonymous_8)","decl":{"start":{"line":50,"column":2},"end":{"line":50,"column":7}},"loc":{"start":{"line":50,"column":25},"end":{"line":55,"column":3}}}},"branchMap":{"0":{"loc":{"start":{"line":52,"column":4},"end":{"line":54,"column":5}},"type":"if","locations":[{"start":{"line":52,"column":4},"end":{"line":54,"column":5}}]}},"s":{"0":1,"1":1,"2":1,"3":1,"4":1,"5":1,"6":2,"7":2,"8":1,"9":1,"10":1,"11":1,"12":0,"13":0,"14":0,"15":0,"16":0,"17":0,"18":1,"19":1},"f":{"0":2,"1":1,"2":0,"3":0,"4":0},"b":{"0":[0]}}
,"C:\\Users\\USER\\Documents\\prueba tecnica Yosmar - 2025\\candidate-management-app\\back\\src\\candidates\\services\\excel-parser.service.ts": {"path":"C:\\Users\\USER\\Documents\\prueba tecnica Yosmar - 2025\\candidate-management-app\\back\\src\\candidates\\services\\excel-parser.service.ts","statementMap":{"0":{"start":{"line":1,"column":0},"end":{"line":1,"column":65}},"1":{"start":{"line":2,"column":0},"end":{"line":2,"column":29}},"2":{"start":{"line":11,"column":7},"end":{"line":105,"column":null}},"3":{"start":{"line":13,"column":4},"end":{"line":48,"column":5}},"4":{"start":{"line":14,"column":23},"end":{"line":14,"column":60}},"5":{"start":{"line":17,"column":6},"end":{"line":19,"column":7}},"6":{"start":{"line":18,"column":8},"end":{"line":18,"column":76}},"7":{"start":{"line":21,"column":24},"end":{"line":21,"column":46}},"8":{"start":{"line":22,"column":24},"end":{"line":22,"column":50}},"9":{"start":{"line":25,"column":19},"end":{"line":25,"column":54}},"10":{"start":{"line":27,"column":6},"end":{"line":29,"column":7}},"11":{"start":{"line":28,"column":8},"end":{"line":28,"column":69}},"12":{"start":{"line":32,"column":23},"end":{"line":32,"column":37}},"13":{"start":{"line":35,"column":6},"end":{"line":35,"column":38}},"14":{"start":{"line":37,"column":6},"end":{"line":41,"column":8}},"15":{"start":{"line":44,"column":6},"end":{"line":46,"column":7}},"16":{"start":{"line":45,"column":8},"end":{"line":45,"column":20}},"17":{"start":{"line":47,"column":6},"end":{"line":47,"column":88}},"18":{"start":{"line":52,"column":27},"end":{"line":52,"column":79}},"19":{"start":{"line":53,"column":26},"end":{"line":53,"column":69}},"20":{"start":{"line":53,"column":57},"end":{"line":53,"column":68}},"21":{"start":{"line":55,"column":4},"end":{"line":60,"column":5}},"22":{"start":{"line":56,"column":6},"end":{"line":59,"column":8}},"23":{"start":{"line":64,"column":4},"end":{"line":66,"column":5}},"24":{"start":{"line":65,"column":6},"end":{"line":65,"column":73}},"25":{"start":{"line":68,"column":23},"end":{"line":68,"column":53}},"26":{"start":{"line":69,"column":4},"end":{"line":71,"column":5}},"27":{"start":{"line":70,"column":6},"end":{"line":70,"column":78}},"28":{"start":{"line":73,"column":4},"end":{"line":73,"column":45}},"29":{"start":{"line":77,"column":4},"end":{"line":79,"column":5}},"30":{"start":{"line":78,"column":6},"end":{"line":78,"column":83}},"31":{"start":{"line":81,"column":24},"end":{"line":81,"column":37}},"32":{"start":{"line":82,"column":4},"end":{"line":84,"column":5}},"33":{"start":{"line":83,"column":6},"end":{"line":83,"column":87}},"34":{"start":{"line":86,"column":4},"end":{"line":86,"column":35}},"35":{"start":{"line":90,"column":4},"end":{"line":92,"column":5}},"36":{"start":{"line":91,"column":6},"end":{"line":91,"column":76}},"37":{"start":{"line":95,"column":4},"end":{"line":95,"column":63}},"38":{"start":{"line":95,"column":43},"end":{"line":95,"column":63}},"39":{"start":{"line":96,"column":4},"end":{"line":96,"column":68}},"40":{"start":{"line":96,"column":42},"end":{"line":96,"column":68}},"41":{"start":{"line":97,"column":4},"end":{"line":101,"column":5}},"42":{"start":{"line":98,"column":25},"end":{"line":98,"column":58}},"43":{"start":{"line":99,"column":6},"end":{"line":99,"column":114}},"44":{"start":{"line":99,"column":102},"end":{"line":99,"column":114}},"45":{"start":{"line":100,"column":6},"end":{"line":100,"column":115}},"46":{"start":{"line":100,"column":102},"end":{"line":100,"column":115}},"47":{"start":{"line":103,"column":4},"end":{"line":103,"column":90}},"48":{"start":{"line":11,"column":13},"end":{"line":11,"column":31}},"49":{"start":{"line":11,"column":13},"end":{"line":105,"column":null}}},"fnMap":{"0":{"name":"(anonymous_1)","decl":{"start":{"line":12,"column":2},"end":{"line":12,"column":12}},"loc":{"start":{"line":12,"column":27},"end":{"line":49,"column":3}}},"1":{"name":"(anonymous_2)","decl":{"start":{"line":51,"column":10},"end":{"line":51,"column":26}},"loc":{"start":{"line":51,"column":35},"end":{"line":61,"column":3}}},"2":{"name":"(anonymous_3)","decl":{"start":{"line":53,"column":48},"end":{"line":53,"column":53}},"loc":{"start":{"line":53,"column":57},"end":{"line":53,"column":68}}},"3":{"name":"(anonymous_4)","decl":{"start":{"line":63,"column":10},"end":{"line":63,"column":27}},"loc":{"start":{"line":63,"column":45},"end":{"line":74,"column":3}}},"4":{"name":"(anonymous_5)","decl":{"start":{"line":76,"column":10},"end":{"line":76,"column":23}},"loc":{"start":{"line":76,"column":34},"end":{"line":87,"column":3}}},"5":{"name":"(anonymous_6)","decl":{"start":{"line":89,"column":10},"end":{"line":89,"column":30}},"loc":{"start":{"line":89,"column":48},"end":{"line":104,"column":3}}}},"branchMap":{"0":{"loc":{"start":{"line":17,"column":6},"end":{"line":19,"column":7}},"type":"if","locations":[{"start":{"line":17,"column":6},"end":{"line":19,"column":7}}]},"1":{"loc":{"start":{"line":27,"column":6},"end":{"line":29,"column":7}},"type":"if","locations":[{"start":{"line":27,"column":6},"end":{"line":29,"column":7}}]},"2":{"loc":{"start":{"line":38,"column":42},"end":{"line":38,"column":82}},"type":"binary-expr","locations":[{"start":{"line":38,"column":42},"end":{"line":38,"column":60}},{"start":{"line":38,"column":64},"end":{"line":38,"column":82}}]},"3":{"loc":{"start":{"line":39,"column":46},"end":{"line":39,"column":125}},"type":"binary-expr","locations":[{"start":{"line":39,"column":46},"end":{"line":39,"column":77}},{"start":{"line":39,"column":81},"end":{"line":39,"column":107}},{"start":{"line":39,"column":111},"end":{"line":39,"column":125}}]},"4":{"loc":{"start":{"line":40,"column":48},"end":{"line":40,"column":94}},"type":"binary-expr","locations":[{"start":{"line":40,"column":48},"end":{"line":40,"column":69}},{"start":{"line":40,"column":73},"end":{"line":40,"column":94}}]},"5":{"loc":{"start":{"line":44,"column":6},"end":{"line":46,"column":7}},"type":"if","locations":[{"start":{"line":44,"column":6},"end":{"line":46,"column":7}}]},"6":{"loc":{"start":{"line":55,"column":4},"end":{"line":60,"column":5}},"type":"if","locations":[{"start":{"line":55,"column":4},"end":{"line":60,"column":5}}]},"7":{"loc":{"start":{"line":64,"column":4},"end":{"line":66,"column":5}},"type":"if","locations":[{"start":{"line":64,"column":4},"end":{"line":66,"column":5}}]},"8":{"loc":{"start":{"line":69,"column":4},"end":{"line":71,"column":5}},"type":"if","locations":[{"start":{"line":69,"column":4},"end":{"line":71,"column":5}}]},"9":{"loc":{"start":{"line":69,"column":8},"end":{"line":69,"column":58}},"type":"binary-expr","locations":[{"start":{"line":69,"column":8},"end":{"line":69,"column":31}},{"start":{"line":69,"column":35},"end":{"line":69,"column":58}}]},"10":{"loc":{"start":{"line":77,"column":4},"end":{"line":79,"column":5}},"type":"if","locations":[{"start":{"line":77,"column":4},"end":{"line":79,"column":5}}]},"11":{"loc":{"start":{"line":77,"column":8},"end":{"line":77,"column":45}},"type":"binary-expr","locations":[{"start":{"line":77,"column":8},"end":{"line":77,"column":27}},{"start":{"line":77,"column":31},"end":{"line":77,"column":45}}]},"12":{"loc":{"start":{"line":82,"column":4},"end":{"line":84,"column":5}},"type":"if","locations":[{"start":{"line":82,"column":4},"end":{"line":84,"column":5}}]},"13":{"loc":{"start":{"line":82,"column":8},"end":{"line":82,"column":45}},"type":"binary-expr","locations":[{"start":{"line":82,"column":8},"end":{"line":82,"column":26}},{"start":{"line":82,"column":30},"end":{"line":82,"column":45}}]},"14":{"loc":{"start":{"line":90,"column":4},"end":{"line":92,"column":5}},"type":"if","locations":[{"start":{"line":90,"column":4},"end":{"line":92,"column":5}}]},"15":{"loc":{"start":{"line":90,"column":8},"end":{"line":90,"column":59}},"type":"binary-expr","locations":[{"start":{"line":90,"column":8},"end":{"line":90,"column":34}},{"start":{"line":90,"column":38},"end":{"line":90,"column":59}}]},"16":{"loc":{"start":{"line":95,"column":4},"end":{"line":95,"column":63}},"type":"if","locations":[{"start":{"line":95,"column":4},"end":{"line":95,"column":63}}]},"17":{"loc":{"start":{"line":96,"column":4},"end":{"line":96,"column":68}},"type":"if","locations":[{"start":{"line":96,"column":4},"end":{"line":96,"column":68}}]},"18":{"loc":{"start":{"line":97,"column":4},"end":{"line":101,"column":5}},"type":"if","locations":[{"start":{"line":97,"column":4},"end":{"line":101,"column":5}}]},"19":{"loc":{"start":{"line":99,"column":6},"end":{"line":99,"column":114}},"type":"if","locations":[{"start":{"line":99,"column":6},"end":{"line":99,"column":114}}]},"20":{"loc":{"start":{"line":99,"column":10},"end":{"line":99,"column":100}},"type":"binary-expr","locations":[{"start":{"line":99,"column":10},"end":{"line":99,"column":31}},{"start":{"line":99,"column":35},"end":{"line":99,"column":55}},{"start":{"line":99,"column":59},"end":{"line":99,"column":77}},{"start":{"line":99,"column":81},"end":{"line":99,"column":100}}]},"21":{"loc":{"start":{"line":100,"column":6},"end":{"line":100,"column":115}},"type":"if","locations":[{"start":{"line":100,"column":6},"end":{"line":100,"column":115}}]},"22":{"loc":{"start":{"line":100,"column":10},"end":{"line":100,"column":100}},"type":"binary-expr","locations":[{"start":{"line":100,"column":10},"end":{"line":100,"column":32}},{"start":{"line":100,"column":36},"end":{"line":100,"column":55}},{"start":{"line":100,"column":59},"end":{"line":100,"column":77}},{"start":{"line":100,"column":81},"end":{"line":100,"column":100}}]}},"s":{"0":1,"1":1,"2":1,"3":0,"4":0,"5":0,"6":0,"7":0,"8":0,"9":0,"10":0,"11":0,"12":0,"13":0,"14":0,"15":0,"16":0,"17":0,"18":0,"19":0,"20":0,"21":0,"22":0,"23":0,"24":0,"25":0,"26":0,"27":0,"28":0,"29":0,"30":0,"31":0,"32":0,"33":0,"34":0,"35":0,"36":0,"37":0,"38":0,"39":0,"40":0,"41":0,"42":0,"43":0,"44":0,"45":0,"46":0,"47":0,"48":1,"49":1},"f":{"0":0,"1":0,"2":0,"3":0,"4":0,"5":0},"b":{"0":[0],"1":[0],"2":[0,0],"3":[0,0,0],"4":[0,0],"5":[0],"6":[0],"7":[0],"8":[0],"9":[0,0],"10":[0],"11":[0,0],"12":[0],"13":[0,0],"14":[0],"15":[0,0],"16":[0],"17":[0],"18":[0],"19":[0],"20":[0,0,0,0],"21":[0],"22":[0,0,0,0]}}
,"C:\\Users\\USER\\Documents\\prueba tecnica Yosmar - 2025\\candidate-management-app\\back\\src\\config\\configuration.ts": {"path":"C:\\Users\\USER\\Documents\\prueba tecnica Yosmar - 2025\\candidate-management-app\\back\\src\\config\\configuration.ts","statementMap":{"0":{"start":{"line":1,"column":25},"end":{"line":6,"column":2}},"1":{"start":{"line":1,"column":32},"end":{"line":6,"column":2}},"2":{"start":{"line":1,"column":13},"end":{"line":1,"column":25}}},"fnMap":{"0":{"name":"(anonymous_0)","decl":{"start":{"line":1,"column":25},"end":{"line":1,"column":28}},"loc":{"start":{"line":1,"column":32},"end":{"line":6,"column":2}}}},"branchMap":{"0":{"loc":{"start":{"line":3,"column":10},"end":{"line":3,"column":56}},"type":"binary-expr","locations":[{"start":{"line":3,"column":10},"end":{"line":3,"column":35}},{"start":{"line":3,"column":39},"end":{"line":3,"column":56}}]},"1":{"loc":{"start":{"line":5,"column":8},"end":{"line":5,"column":42}},"type":"binary-expr","locations":[{"start":{"line":5,"column":8},"end":{"line":5,"column":34}},{"start":{"line":5,"column":38},"end":{"line":5,"column":42}}]}},"s":{"0":0,"1":0,"2":0},"f":{"0":0},"b":{"0":[0,0],"1":[0,0]}}
}
